
============================================================
[2026-01-14 14:46:34 UTC] [NORMAL] 🚀 Test Alert
============================================================
This is a test notification from your trading system!

Details:
  Ticker: AAPL
  Score: 7.5


============================================================
[2026-01-14 15:23:29 UTC] [HIGH] ALL THREE Overlap Detected!
============================================================
⭐ 2 ticker(s) found in all three overlap:
AAPL, NVDA

Details:
  Date: 2026-01-14
  Overlap Type: all_three
  Ticker Count: 2
  Tickers: AAPL, NVDA


============================================================
[2026-01-14 15:23:34 UTC] [LOW] Scan Complete: 2026-01-14
============================================================
📊 Daily scan complete for 2026-01-14

• Weekly Top 5: 5
• Pro30 Candidates: 12
• Daily Movers: 8

⭐ ALL THREE overlap: AAPL, NVDA

Details:
  Date: 2026-01-14
  Weekly Top 5: 5
  Pro30 Candidates: 12
  Daily Movers: 8
  All Three Overlap: AAPL, NVDA


============================================================
[2026-01-15 03:58:43 UTC] [LOW] Scan Complete: 2026-01-14
============================================================
📊 Daily scan complete for 2026-01-14

• Weekly Top 5: 5
• Pro30 Candidates: 1
• Daily Movers: 0


Details:
  Date: 2026-01-14
  Weekly Top 5: 5
  Pro30 Candidates: 1
  Daily Movers: 0
  All Three Overlap: None


============================================================
[2026-01-15 06:00:02 UTC] [LOW] Scan Complete: 2026-01-15
============================================================
📊 Daily scan complete for 2026-01-15

📈 Weekly Top 5: 0

🎯 Pro30 Candidates: 0

🔥 Daily Movers: 0


📊 Model Health:
   Status: 🟡 Good
   Hit Rate (+7%): 36.2%
   Win Rate: 65.2%
   pro30: 54.5% (n=22)
   weekly_top5: 28.9% (n=45)
   movers: 0.0% (n=2)


Details:
  Date: 2026-01-15
  Weekly Top 5: 0
  Weekly Tickers: None
  Pro30 Candidates: 0
  Pro30 Tickers: None
  Daily Movers: 0
  Movers Tickers: None
  All Three Overlap: None
  Model Health: 🟡 Good


============================================================
[2026-01-15 09:10:32 UTC] [LOW] Scan Complete: 2026-01-15
============================================================
📊 Daily scan complete for 2026-01-15

📈 Weekly Top 5: 0

🎯 Pro30 Candidates: 0

🔥 Daily Movers: 0


📊 Model Health:
   Status: 🟡 Good
   Hit Rate (+7%): 36.2%
   Win Rate: 65.2%
   pro30: 54.5% (n=22)
   weekly_top5: 28.9% (n=45)
   movers: 0.0% (n=2)


Details:
  Date: 2026-01-15
  Weekly Top 5: 0
  Weekly Tickers: None
  Pro30 Candidates: 0
  Pro30 Tickers: None
  Daily Movers: 0
  Movers Tickers: None
  All Three Overlap: None
  Model Health: 🟡 Good


============================================================
[2026-01-15 14:36:50 UTC] [LOW] Scan Complete: 2026-01-15
============================================================
📊 Daily scan complete for 2026-01-15

📈 Weekly Top 5: 0

🎯 Pro30 Candidates: 0

🔥 Daily Movers: 0


📊 Model Health:
   Status: 🟡 Good
   Hit Rate (+7%): 30.4%
   Win Rate: 59.4%
   pro30: 54.5% (n=22)
   weekly_top5: 20.0% (n=45)
   movers: 0.0% (n=2)


Details:
  Date: 2026-01-15
  Weekly Top 5: 0
  Weekly Tickers: None
  Pro30 Candidates: 0
  Pro30 Tickers: None
  Daily Movers: 0
  Movers Tickers: None
  All Three Overlap: None
  Model Health: 🟡 Good


============================================================
[2026-01-15 23:36:01 UTC] [HIGH] Position Alert: WGS
============================================================
🛑 STOP LOSS: WGS down -19.3% (limit: -7.0%)

Details:
  ticker: WGS
  entry_date: 2026-01-15
  entry_price: 135.3800048828125
  source: movers
  rank: None
  composite_score: None
  holding_days_target: 7
  stop_loss_pct: -7.0
  profit_target_pct: 7.0
  current_price: 109.27999877929688
  current_return_pct: -19.279070144891993
  max_price: 109.27999877929688
  max_return_pct: -19.279070144891993
  min_price: 109.27999877929688
  max_drawdown_pct: -19.279070144891993
  last_updated: 2026-01-15T23:36:00.358205Z
  status: open
  days_held: 1


============================================================
[2026-01-15 23:36:03 UTC] [HIGH] Position Alert: CRM
============================================================
🛑 STOP LOSS: CRM down -10.2% (limit: -7.0%)

Details:
  ticker: CRM
  entry_date: 2026-01-15
  entry_price: 259.94000244140625
  source: movers
  rank: None
  composite_score: None
  holding_days_target: 7
  stop_loss_pct: -7.0
  profit_target_pct: 7.0
  current_price: 233.52999877929688
  current_return_pct: -10.160038245003296
  max_price: 233.52999877929688
  max_return_pct: -10.160038245003296
  min_price: 233.52999877929688
  max_drawdown_pct: -10.160038245003296
  last_updated: 2026-01-15T23:36:00.358205Z
  status: open
  days_held: 1


============================================================
[2026-01-15 23:36:04 UTC] [HIGH] Position Alert: TVTX
============================================================
🛑 STOP LOSS: TVTX down -17.9% (limit: -7.0%)

Details:
  ticker: TVTX
  entry_date: 2026-01-15
  entry_price: 34.58000183105469
  source: movers
  rank: None
  composite_score: None
  holding_days_target: 7
  stop_loss_pct: -7.0
  profit_target_pct: 7.0
  current_price: 28.399999618530273
  current_return_pct: -17.871607534081857
  max_price: 28.399999618530273
  max_return_pct: -17.871607534081857
  min_price: 28.399999618530273
  max_drawdown_pct: -17.871607534081857
  last_updated: 2026-01-15T23:36:00.358205Z
  status: open
  days_held: 1


============================================================
[2026-01-15 23:36:05 UTC] [HIGH] Position Alert: FIG
============================================================
🛑 STOP LOSS: FIG down -15.3% (limit: -7.0%)

Details:
  ticker: FIG
  entry_date: 2026-01-15
  entry_price: 37.33000183105469
  source: movers
  rank: None
  composite_score: None
  holding_days_target: 7
  stop_loss_pct: -7.0
  profit_target_pct: 7.0
  current_price: 31.600000381469727
  current_return_pct: -15.34958791461455
  max_price: 31.600000381469727
  max_return_pct: -15.34958791461455
  min_price: 31.600000381469727
  max_drawdown_pct: -15.34958791461455
  last_updated: 2026-01-15T23:36:00.358205Z
  status: open
  days_held: 1


============================================================
[2026-01-15 23:36:07 UTC] [HIGH] Position Alert: PATH
============================================================
🛑 STOP LOSS: PATH down -9.4% (limit: -7.0%)

Details:
  ticker: PATH
  entry_date: 2026-01-15
  entry_price: 16.31999969482422
  source: movers
  rank: None
  composite_score: None
  holding_days_target: 7
  stop_loss_pct: -7.0
  profit_target_pct: 7.0
  current_price: 14.789999961853027
  current_return_pct: -9.374998539101817
  max_price: 14.789999961853027
  max_return_pct: -9.374998539101817
  min_price: 14.789999961853027
  max_drawdown_pct: -9.374998539101817
  last_updated: 2026-01-15T23:36:00.358205Z
  status: open
  days_held: 1


============================================================
[2026-01-16 02:16:49 UTC] [LOW] Scan Complete: 2026-01-15
============================================================
===================================
SCAN COMPLETE - 2026-01-15
===================================

📈 WEEKLY TOP 5: 3
  1. MS (Score: 4.2, SPECULATIVE)
  2. CADE (Score: 4.2, SPECULATIVE)
  3. DAL (Score: 4.2, SPECULATIVE)

🎯 PRO30 CANDIDATES: 7
  ATEC, BRZE, COHR, DVN, HOUS, OCUL, SEI

🔥 DAILY MOVERS: 7
  CRM, FIG, IRTC, PATH, STNG, TVTX, WGS

📊 MODEL HEALTH: 🟡 Good
  Hit Rate (+7%): 31.9%
  Win Rate: 66.7%
  pro30: 50.0% (n=22)
  weekly_top5: 24.4% (n=45)
  movers: 0.0% (n=2)

===================================


============================================================
[2026-01-16 07:23:02 UTC] [LOW] Scan Complete: 2026-01-16
============================================================
===================================
SCAN COMPLETE - 2026-01-16
===================================

📈 WEEKLY TOP 5: 3
  1. CADE (Score: 6.0, SPECULATIVE)
  2. MS (Score: 5.8, SPECULATIVE)
  3. DAL (Score: 5.5, SPECULATIVE)

🎯 PRO30 CANDIDATES: 7
  ATEC, BRZE, COHR, DVN, HOUS, OCUL, SEI

🔥 DAILY MOVERS: 8
  CRM, FIG, IRTC, PATH, PXED, STNG, TVTX, WGS

📊 MODEL HEALTH: 🟡 Good
  Hit Rate (+7%): 31.9%
  Win Rate: 66.7%
  pro30: 50.0% (n=22)
  weekly_top5: 24.4% (n=45)
  movers: 0.0% (n=2)

===================================


============================================================
[2026-01-17 08:14:34 UTC] [LOW] Scan Complete: 2026-01-17
============================================================
===================================
SCAN COMPLETE - 2026-01-17
===================================

🎯 OVERLAPS (High Conviction):
  💎 Pro30+Movers: ATEC

📈 WEEKLY TOP 5: 3
  1. NUE (Score: 4.9, SPECULATIVE)
  2. MU (Score: 5.0, SPECULATIVE)
  3. PFG (Score: 4.8, SPECULATIVE)

🎯 PRO30 CANDIDATES: 6
  ATEC, BRZE, COHR, HOUS, OCUL, SEI

🔥 DAILY MOVERS: 20
  AEIS, AFCG, APP, ATEC, CRCL, CRM, DAVE, FIG, GKOS, IRON

📊 MODEL HEALTH: 🟠 Needs Attention
  Hit Rate (+7%): 27.7%
  Win Rate: 60.2%
  pro30: 40.7% (n=27)
  weekly_top5: 25.0% (n=48)
  movers: 0.0% (n=8)

===================================


============================================================
[2026-01-17 08:14:53 UTC] [HIGH] Position Alert: DAVE
============================================================
🛑 STOP LOSS: DAVE down -10.0% (limit: -7.0%)

Details:
  ticker: DAVE
  entry_date: 2026-01-17
  entry_price: 215.50999450683594
  source: movers
  rank: None
  composite_score: None
  holding_days_target: 7
  stop_loss_pct: -7.0
  profit_target_pct: 7.0
  technical_score: None
  rsi14: None
  volume_ratio_3d_to_20d: None
  dist_to_52w_high_pct: None
  realized_vol_5d_ann_pct: None
  above_ma10: None
  above_ma20: None
  above_ma50: None
  sector: None
  market_cap_usd: None
  overlap_count: 1
  overlap_sources: ['movers']
  conviction_score: None
  confidence: None
  current_price: 194.00999450683594
  current_return_pct: -9.976335459151072
  max_price: 194.00999450683594
  max_return_pct: -9.976335459151072
  min_price: 194.00999450683594
  max_drawdown_pct: -9.976335459151072
  last_updated: 2026-01-17T08:14:51.753028Z
  status: open
  days_held: 0
  days_to_peak: 0


============================================================
[2026-01-17 08:14:54 UTC] [HIGH] Position Alert: AFCG
============================================================
🛑 STOP LOSS: AFCG down -11.8% (limit: -7.0%)

Details:
  ticker: AFCG
  entry_date: 2026-01-17
  entry_price: 2.880000114440918
  source: movers
  rank: None
  composite_score: None
  holding_days_target: 7
  stop_loss_pct: -7.0
  profit_target_pct: 7.0
  technical_score: None
  rsi14: None
  volume_ratio_3d_to_20d: None
  dist_to_52w_high_pct: None
  realized_vol_5d_ann_pct: None
  above_ma10: None
  above_ma20: None
  above_ma50: None
  sector: None
  market_cap_usd: None
  overlap_count: 1
  overlap_sources: ['movers']
  conviction_score: None
  confidence: None
  current_price: 2.5399999618530273
  current_return_pct: -11.80556038463538
  max_price: 2.5399999618530273
  max_return_pct: -11.80556038463538
  min_price: 2.5399999618530273
  max_drawdown_pct: -11.80556038463538
  last_updated: 2026-01-17T08:14:51.753028Z
  status: open
  days_held: 0
  days_to_peak: 0


============================================================
[2026-01-17 08:14:57 UTC] [HIGH] Position Alert: VIA
============================================================
🛑 STOP LOSS: VIA down -9.2% (limit: -7.0%)

Details:
  ticker: VIA
  entry_date: 2026-01-17
  entry_price: 25.229999542236328
  source: movers
  rank: None
  composite_score: None
  holding_days_target: 7
  stop_loss_pct: -7.0
  profit_target_pct: 7.0
  technical_score: None
  rsi14: None
  volume_ratio_3d_to_20d: None
  dist_to_52w_high_pct: None
  realized_vol_5d_ann_pct: None
  above_ma10: None
  above_ma20: None
  above_ma50: None
  sector: None
  market_cap_usd: None
  overlap_count: 1
  overlap_sources: ['movers']
  conviction_score: None
  confidence: None
  current_price: 22.899999618530273
  current_return_pct: -9.235037518750303
  max_price: 22.899999618530273
  max_return_pct: -9.235037518750303
  min_price: 22.899999618530273
  max_drawdown_pct: -9.235037518750303
  last_updated: 2026-01-17T08:14:51.753028Z
  status: open
  days_held: 0
  days_to_peak: 0


============================================================
[2026-01-17 08:14:59 UTC] [HIGH] Position Alert: LZ
============================================================
🛑 STOP LOSS: LZ down -13.2% (limit: -7.0%)

Details:
  ticker: LZ
  entry_date: 2026-01-17
  entry_price: 10.220000267028809
  source: movers
  rank: None
  composite_score: None
  holding_days_target: 7
  stop_loss_pct: -7.0
  profit_target_pct: 7.0
  technical_score: None
  rsi14: None
  volume_ratio_3d_to_20d: None
  dist_to_52w_high_pct: None
  realized_vol_5d_ann_pct: None
  above_ma10: None
  above_ma20: None
  above_ma50: None
  sector: None
  market_cap_usd: None
  overlap_count: 1
  overlap_sources: ['movers']
  conviction_score: None
  confidence: None
  current_price: 8.869999885559082
  current_return_pct: -13.209396733824185
  max_price: 8.869999885559082
  max_return_pct: -13.209396733824185
  min_price: 8.869999885559082
  max_drawdown_pct: -13.209396733824185
  last_updated: 2026-01-17T08:14:51.753028Z
  status: open
  days_held: 0
  days_to_peak: 0


============================================================
[2026-01-17 08:15:02 UTC] [HIGH] Position Alert: APP
============================================================
🛑 STOP LOSS: APP down -13.6% (limit: -7.0%)

Details:
  ticker: APP
  entry_date: 2026-01-17
  entry_price: 658.6500244140625
  source: movers
  rank: None
  composite_score: None
  holding_days_target: 7
  stop_loss_pct: -7.0
  profit_target_pct: 7.0
  technical_score: None
  rsi14: None
  volume_ratio_3d_to_20d: None
  dist_to_52w_high_pct: None
  realized_vol_5d_ann_pct: None
  above_ma10: None
  above_ma20: None
  above_ma50: None
  sector: None
  market_cap_usd: None
  overlap_count: 1
  overlap_sources: ['movers']
  conviction_score: None
  confidence: None
  current_price: 568.760009765625
  current_return_pct: -13.647614258938804
  max_price: 568.760009765625
  max_return_pct: -13.647614258938804
  min_price: 568.760009765625
  max_drawdown_pct: -13.647614258938804
  last_updated: 2026-01-17T08:14:51.753028Z
  status: open
  days_held: 0
  days_to_peak: 0


============================================================
[2026-01-17 08:15:04 UTC] [HIGH] Position Alert: PI
============================================================
🛑 STOP LOSS: PI down -20.4% (limit: -7.0%)

Details:
  ticker: PI
  entry_date: 2026-01-17
  entry_price: 203.41000366210938
  source: movers
  rank: None
  composite_score: None
  holding_days_target: 7
  stop_loss_pct: -7.0
  profit_target_pct: 7.0
  technical_score: None
  rsi14: None
  volume_ratio_3d_to_20d: None
  dist_to_52w_high_pct: None
  realized_vol_5d_ann_pct: None
  above_ma10: None
  above_ma20: None
  above_ma50: None
  sector: None
  market_cap_usd: None
  overlap_count: 1
  overlap_sources: ['movers']
  conviction_score: None
  confidence: None
  current_price: 161.92999267578125
  current_return_pct: -20.39231612975724
  max_price: 161.92999267578125
  max_return_pct: -20.39231612975724
  min_price: 161.92999267578125
  max_drawdown_pct: -20.39231612975724
  last_updated: 2026-01-17T08:14:51.753028Z
  status: open
  days_held: 0
  days_to_peak: 0


============================================================
[2026-01-17 08:15:05 UTC] [HIGH] Position Alert: IRON
============================================================
🛑 STOP LOSS: IRON down -10.2% (limit: -7.0%)

Details:
  ticker: IRON
  entry_date: 2026-01-17
  entry_price: 79.0199966430664
  source: movers
  rank: None
  composite_score: None
  holding_days_target: 7
  stop_loss_pct: -7.0
  profit_target_pct: 7.0
  technical_score: None
  rsi14: None
  volume_ratio_3d_to_20d: None
  dist_to_52w_high_pct: None
  realized_vol_5d_ann_pct: None
  above_ma10: None
  above_ma20: None
  above_ma50: None
  sector: None
  market_cap_usd: None
  overlap_count: 1
  overlap_sources: ['movers']
  conviction_score: None
  confidence: None
  current_price: 70.93000030517578
  current_return_pct: -10.237910252556915
  max_price: 70.93000030517578
  max_return_pct: -10.237910252556915
  min_price: 70.93000030517578
  max_drawdown_pct: -10.237910252556915
  last_updated: 2026-01-17T08:14:51.753028Z
  status: open
  days_held: 0
  days_to_peak: 0


============================================================
[2026-01-17 08:15:07 UTC] [NORMAL] Position Drawdown Warnings
============================================================
Position Warnings:
⚠️ DRAWDOWN WARNING: IRTC down -6.8% (approaching -7.0% stop)
⚠️ DRAWDOWN WARNING: CRCL down -5.2% (approaching -7.0% stop)


============================================================
[2026-01-17 08:15:09 UTC] [LOW] Position Profit Targets
============================================================
Position Updates:
🎯 TARGET HIT: STNG up 7.8% (target: 7.0%)
🎯 TARGET HIT: MU up 7.8% (target: 7.0%)
🎯 TARGET HIT: AEIS up 11.5% (target: 7.0%)
🎯 TARGET HIT: UEC up 12.0% (target: 7.0%)
🎯 TARGET HIT: GKOS up 8.4% (target: 7.0%)


============================================================
[2026-01-17 15:09:04 UTC] [HIGH] Scan Complete: 2026-01-17
============================================================
===================================
SCAN COMPLETE - 2026-01-17
===================================

🏆 HYBRID TOP 3 (Best Picks):
(Pro30=50% hit, Weekly=25% hit)
  1. ATEC (Pro30, Movers)
     Score: 2.5 pts | MEDIUM
  2. OCUL (Pro30)
     Score: 2.0 pts | MEDIUM
  3. HOUS (Pro30)
     Score: 2.0 pts | MEDIUM

🎯 OVERLAPS (High Conviction):
  💎 Pro30+Movers: ATEC

📊 SUMMARY:
  Weekly: 3 | Pro30: 6 | Movers: 20

📈 MODEL: 🟠 Needs Attention
  Hit: 28% | Win: 60%
  pro30:41% | weekly_top5:25% | movers:0%

===================================


============================================================
[2026-01-18 05:40:21 UTC] [HIGH] Scan Complete: 2026-01-17
============================================================
===================================
SCAN COMPLETE - 2026-01-17
===================================

🏆 HYBRID TOP 3 (Best Picks):
(Pro30=50% hit, Weekly=25% hit)
  1. ATEC (Pro30, Movers)
     Score: 2.5 pts | MEDIUM
  2. COHR (Pro30)
     Score: 2.0 pts | MEDIUM
  3. SEI (Pro30)
     Score: 2.0 pts | MEDIUM

🎯 OVERLAPS (High Conviction):
  💎 Pro30+Movers: ATEC

📊 SUMMARY:
  Weekly: 3 | Pro30: 6 | Movers: 20

📈 MODEL: 🟠 Needs Attention
  Hit: 26% | Win: 57%
  pro30:41% | weekly_top5:21% | movers:0%

===================================


============================================================
[2026-01-18 11:11:25 UTC] [HIGH] Scan Complete: 2026-01-16
============================================================
===================================
SCAN COMPLETE - 2026-01-16
===================================

🏆 HYBRID TOP 3 (Best Picks):
(Pro30=50% hit, Weekly=25% hit)
  1. ATEC (Pro30, Movers)
     Score: 2.5 pts | MEDIUM
  2. OCUL (Pro30)
     Score: 2.0 pts | MEDIUM
  3. SEI (Pro30)
     Score: 2.0 pts | MEDIUM

🎯 OVERLAPS (High Conviction):
  💎 Pro30+Movers: ATEC

📊 SUMMARY:
  Weekly: 3 | Pro30: 6 | Movers: 20

📈 MODEL: 🟠 Needs Attention
  Hit: 26% | Win: 57%
  pro30:41% | weekly_top5:21% | movers:0%

===================================


============================================================
[2026-01-21 03:23:29 UTC] [HIGH] Scan Complete: 2026-01-20
============================================================
===================================
SCAN COMPLETE - 2026-01-20
===================================

🏆 HYBRID TOP 3 (Best Picks):
(Pro30=50% hit, Weekly=25% hit)
  1. BRZE (Pro30)
     Score: 2.0 pts | MEDIUM
  2. SEI (Pro30)
     Score: 2.0 pts | MEDIUM
  3. HOUS (Pro30)
     Score: 2.0 pts | MEDIUM

📊 SUMMARY:
  Weekly: 2 | Pro30: 6 | Movers: 0

📈 MODEL: 🔴 Poor
  Hit: 20% | Win: 44%
  pro30:31% | weekly_top5:22% | movers:4%

===================================


============================================================
[2026-01-22 03:36:53 UTC] [HIGH] Scan Complete: 2026-01-21
============================================================
===================================
SCAN COMPLETE - 2026-01-21
===================================

🏆 HYBRID TOP 3 (Best Picks):
(Pro30=50% hit, Weekly=25% hit)
  1. BRZE (Pro30, Movers)
     Score: 2.5 pts | MEDIUM
  2. HOUS (Pro30)
     Score: 2.0 pts | MEDIUM
  3. OCUL (Pro30)
     Score: 2.0 pts | MEDIUM

🎯 OVERLAPS (High Conviction):
  📈 Weekly+Movers: MU
  💎 Pro30+Movers: BRZE

📊 SUMMARY:
  Weekly: 2 | Pro30: 6 | Movers: 47

📈 MODEL: 🟠 Needs Attention
  Hit: 26% | Win: 56%
  pro30:38% | weekly_top5:30% | movers:7%

===================================


============================================================
[2026-01-23 03:14:24 UTC] [HIGH] Scan Complete: 2026-01-22
============================================================
===================================
SCAN COMPLETE - 2026-01-22
===================================

🏆 HYBRID TOP 3 (Best Picks):
(Pro30=50% hit, Weekly=25% hit)
  1. OCUL (Pro30)
     Score: 2.0 pts | MEDIUM
  2. COHR (Pro30)
     Score: 2.0 pts | MEDIUM
  3. SEI (Pro30)
     Score: 2.0 pts | MEDIUM

📊 SUMMARY:
  Weekly: 2 | Pro30: 5 | Movers: 41

📈 MODEL: 🟠 Needs Attention
  Hit: 30% | Win: 59%
  pro30:38% | movers:31% | weekly_top5:17%

===================================


============================================================
[2026-01-24 04:11:36 UTC] [HIGH] Scan Complete: 2026-01-23
============================================================
===================================
SCAN COMPLETE - 2026-01-23
===================================

🏆 HYBRID TOP 3 (Best Picks):
(Pro30=50% hit, Weekly=25% hit)
  1. ATEC (Pro30)
     Score: 2.0 pts | MEDIUM
  2. COHR (Pro30)
     Score: 2.0 pts | MEDIUM
  3. BRZE (Pro30)
     Score: 2.0 pts | MEDIUM

🎯 OVERLAPS (High Conviction):
  📈 Weekly+Movers: MU

📊 SUMMARY:
  Weekly: 2 | Pro30: 5 | Movers: 49

📈 MODEL: 🟠 Needs Attention
  Hit: 29% | Win: 44%
  weekly_top5:41% | pro30:37% | movers:24%

===================================


============================================================
[2026-01-26 02:24:05 UTC] [HIGH] Scan Complete: 2026-01-23 (Weekly)
============================================================
===================================
SCAN COMPLETE - 2026-01-23
===================================
Regime: chop
Primary Strategy: Weekly
Primary Candidates: 30

🏆 HYBRID TOP 3 (Best Picks):
  1. COHR (Pro30)
     Score: 2.0 pts | LOW
  2. SEI (Pro30)
     Score: 2.0 pts | LOW
  3. RKLB (Weekly(1))
     Score: 1.6 pts | LOW

⭐ Weekly TOP PICKS:
  - RKLB: 4.91 LOW
  - MU: 4.91 LOW

📊 SUMMARY:
  Weekly: 2 | Pro30: 2 | Movers: 11

📈 MODEL: 🟠 Needs Attention
  Hit: 25% | Win: 42%
  weekly_top5:41% | pro30:37% | movers:24%

===================================


============================================================
[2026-01-26 04:21:42 UTC] [HIGH] Scan Complete: 2026-01-23 (Weekly)
============================================================
===================================
SCAN COMPLETE - 2026-01-23
===================================
Regime: chop
Primary Strategy: Weekly
Primary Candidates: 30

🏆 HYBRID TOP 3 (Best Picks):
  1. COHR (Pro30)
     Score: 2.0 pts | LOW
  2. SEI (Pro30)
     Score: 2.0 pts | LOW
  3. MU (Weekly(1))
     Score: 1.6 pts | LOW

⭐ Weekly TOP PICKS:
  - MU: 4.91 LOW
  - MS: 4.15 LOW

📊 SUMMARY:
  Weekly: 2 | Pro30: 2 | Movers: 9

📈 MODEL: 🟠 Needs Attention
  Hit: 25% | Win: 42%
  weekly_top5:41% | pro30:37% | movers:24%

===================================


============================================================
[2026-02-03 00:07:01 UTC] [LOW] Scan Complete: 2026-02-02 (Weekly)
============================================================
===================================
SCAN COMPLETE - 2026-02-02
===================================
Regime: bull
Primary Strategy: Weekly
Primary Candidates: 30

🏆 HYBRID TOP 3 (Best Picks):
  1. PTGX (Pro30(r1))
     Score: 3.0 pts | LOW
  2. PTLO (Pro30(r2))
     Score: 3.0 pts | LOW
  3. PTON (Pro30(r3))
     Score: 2.9 pts | LOW

⭐ Weekly TOP PICKS:
  - INTC: 4.56 LOW
  - SOLV: 4.11 LOW

📊 SUMMARY:
  Weekly: 2 | Pro30: 8 | Movers: 0

📈 MODEL: 🟠 Needs Attention
  Hit: 35% | Win: 31%
  weekly_top5:62% | pro30:45% | movers:38%

📌 POSITION ALERTS:
  Total: 4 | High: 1 | Warning: 0
  - 🎯 TARGET HIT: COHR up 13.5% (target: 7.0%)
  - ⏰ HOLDING EXPIRED: SEI at 2.6% after 12 days
  - 🎯 TARGET HIT: MU up 30.1% (target: 7.0%)

===================================

Details:
  asof: 2026-02-02


============================================================
[2026-02-03 23:55:32 UTC] [LOW] Scan Complete: 2026-02-03 (Weekly)
============================================================
===================================
SCAN COMPLETE - 2026-02-03
===================================
Regime: bull
Primary Strategy: Weekly
Primary Candidates: 30

🏆 HYBRID TOP 3 (Best Picks):
  1. POET (Pro30(r1))
     Score: 3.0 pts | LOW
  2. PONY (Pro30(r2))
     Score: 3.0 pts | LOW
  3. PD (Pro30(r3))
     Score: 2.9 pts | LOW

⭐ Weekly TOP PICKS:
  - TCMD: 4.95 LOW
  - FORR: 4.66 LOW

📊 SUMMARY:
  Weekly: 2 | Pro30: 24 | Movers: 0

📈 MODEL: 🟠 Needs Attention
  Hit: 33% | Win: 31%
  weekly_top5:50% | movers:38% | pro30:32%

📌 POSITION ALERTS:
  Total: 4 | High: 1 | Warning: 0
  - 🎯 TARGET HIT: COHR up 17.0% (target: 7.0%)
  - ⏰ HOLDING EXPIRED: SEI at 2.1% after 12 days
  - 🎯 TARGET HIT: MU up 24.6% (target: 7.0%)

===================================

Details:
  asof: 2026-02-03


============================================================
[2026-02-04 23:55:02 UTC] [LOW] Scan Complete: 2026-02-04 (Weekly)
============================================================
===================================
SCAN COMPLETE - 2026-02-04
===================================
Regime: bull
Primary Strategy: Weekly
Primary Candidates: 30

🏆 HYBRID TOP 3 (Best Picks):
  1. INSE (Pro30(r1))
     Score: 3.0 pts | LOW
  2. CRGY (Pro30(r2))
     Score: 3.0 pts | LOW
  3. APPS (Pro30(r3))
     Score: 2.9 pts | LOW

⭐ Weekly TOP PICKS:
  - IR: 6.30 LOW
  - IREN: 5.45 LOW

📊 SUMMARY:
  Weekly: 2 | Pro30: 20 | Movers: 0

📈 MODEL: 🟠 Needs Attention
  Hit: 28% | Win: 36%
  movers:38% | weekly_top5:30% | pro30:15%

📌 POSITION ALERTS:
  Total: 4 | High: 2 | Warning: 0
  - 🎯 TARGET HIT: COHR up 7.7% (target: 7.0%)
  - 🛑 STOP LOSS: SEI down -12.9% (limit: -6.0%)
  - 🎯 TARGET HIT: MU up 12.7% (target: 7.0%)

===================================

Details:
  asof: 2026-02-04


============================================================
[2026-02-05 23:53:05 UTC] [LOW] Scan Complete: 2026-02-05 (Weekly)
============================================================
===================================
SCAN COMPLETE - 2026-02-05
===================================
Regime: stress
Primary Strategy: Weekly
Primary Candidates: 30

🏆 HYBRID TOP 3 (Best Picks):
  1. VRT (Pro30(r1))
     Score: 3.0 pts | LOW
  2. VRTS (Pro30(r2))
     Score: 3.0 pts | LOW
  3. COMM (Pro30(r3))
     Score: 2.9 pts | LOW

⭐ Weekly TOP PICKS:
  - AX: 4.35 LOW
  - IESC: 4.11 LOW

📊 SUMMARY:
  Weekly: 2 | Pro30: 18 | Movers: 0

📈 MODEL: 🔴 Poor
  Hit: 18% | Win: 30%
  movers:30% | weekly_top5:20% | swing_top5:10%

📌 POSITION ALERTS:
  Total: 4 | High: 2 | Warning: 0
  - ⏰ HOLDING EXPIRED: COHR at 6.8% after 14 days
  - 🛑 STOP LOSS: SEI down -16.8% (limit: -6.0%)
  - 🎯 TARGET HIT: MU up 13.7% (target: 7.0%)

===================================

Details:
  asof: 2026-02-05


============================================================
[2026-02-07 00:03:56 UTC] [LOW] Scan Complete: 2026-02-06 (Weekly)
============================================================
===================================
SCAN COMPLETE - 2026-02-06
===================================
Regime: bull
Primary Strategy: Weekly
Primary Candidates: 30

🏆 HYBRID TOP 3 (Best Picks):
  1. CDNA (Pro30(r1))
     Score: 3.0 pts | LOW
  2. DCTH (Pro30(r2))
     Score: 3.0 pts | LOW
  3. PNRG (Pro30(r3))
     Score: 2.9 pts | LOW

⭐ Weekly TOP PICKS:
  - GFF: 5.36 LOW
  - GEV: 4.86 LOW

📊 SUMMARY:
  Weekly: 2 | Pro30: 18 | Movers: 0

📈 MODEL: 🔴 Poor
  Hit: 14% | Win: 58%
  pro30:14% | weekly_top5:12%

📌 POSITION ALERTS:
  Total: 4 | High: 2 | Warning: 0
  - 🎯 TARGET HIT: COHR up 16.2% (target: 7.0%)
  - 🛑 STOP LOSS: SEI down -6.9% (limit: -6.0%)
  - 🎯 TARGET HIT: MU up 17.2% (target: 7.0%)

===================================

Details:
  asof: 2026-02-06


============================================================
[2026-02-10 00:09:16 UTC] [LOW] Scan Complete: 2026-02-09 (Weekly)
============================================================
===================================
SCAN COMPLETE - 2026-02-09
===================================
Regime: bull
Primary Strategy: Weekly
Primary Candidates: 30

🏆 HYBRID TOP 3 (Best Picks):
  1. CTEV (Pro30(r1))
     Score: 3.0 pts | LOW
  2. NUAI (Weekly(1))
     Score: 1.6 pts | LOW
  3. NTST (Weekly(2))
     Score: 1.1 pts | LOW

⭐ Weekly TOP PICKS:
  - NUAI: 5.11 LOW
  - NTST: 4.86 LOW

📊 SUMMARY:
  Weekly: 2 | Pro30: 1 | Movers: 0

📈 MODEL: 🔴 Poor
  Hit: 16% | Win: 57%
  pro30:17% | weekly_top5:10%

📌 POSITION ALERTS:
  Total: 4 | High: 1 | Warning: 0
  - 🎯 TARGET HIT: COHR up 23.7% (target: 7.0%)
  - ⏰ HOLDING EXPIRED: SEI at -4.4% after 19 days
  - 🎯 TARGET HIT: MU up 13.9% (target: 7.0%)

===================================

Details:
  asof: 2026-02-09


============================================================
[2026-02-11 00:00:32 UTC] [LOW] Scan Complete: 2026-02-10 (Weekly)
============================================================
===================================
SCAN COMPLETE - 2026-02-10
===================================
Regime: bull
Primary Strategy: Weekly
Primary Candidates: 30

🏆 HYBRID TOP 3 (Best Picks):
  1. SLQT (Pro30(r1))
     Score: 3.0 pts | LOW
  2. SPOK (Pro30(r2))
     Score: 3.0 pts | LOW
  3. RWT (Pro30(r3))
     Score: 2.9 pts | LOW

⭐ Weekly TOP PICKS:
  - CIFR: 5.11 LOW
  - BHE: 4.31 LOW

📊 SUMMARY:
  Weekly: 2 | Pro30: 7 | Movers: 0

📈 MODEL: 🟠 Needs Attention
  Hit: 24% | Win: 42%
  pro30:26% | weekly_top5:8%

📌 POSITION ALERTS:
  Total: 4 | High: 1 | Warning: 0
  - 🎯 TARGET HIT: COHR up 16.5% (target: 7.0%)
  - ⏰ HOLDING EXPIRED: SEI at -4.4% after 20 days
  - 🎯 TARGET HIT: MU up 10.9% (target: 7.0%)

===================================

Details:
  asof: 2026-02-10


============================================================
[2026-02-12 00:00:49 UTC] [LOW] Scan Complete: 2026-02-11 (Weekly)
============================================================
===================================
SCAN COMPLETE - 2026-02-11
===================================
Regime: bull
Primary Strategy: Weekly
Primary Candidates: 30

🏆 HYBRID TOP 3 (Best Picks):
  1. NPCE (Pro30(r1))
     Score: 3.0 pts | LOW
  2. NPK (Pro30(r2))
     Score: 3.0 pts | LOW
  3. NPKI (Pro30(r3))
     Score: 2.9 pts | LOW

⭐ Weekly TOP PICKS:
  - PKG: 5.21 LOW
  - MZTI: 4.56 LOW

📊 SUMMARY:
  Weekly: 2 | Pro30: 9 | Movers: 0

📈 MODEL: 🟠 Needs Attention
  Hit: 25% | Win: 43%
  pro30:27% | weekly_top5:14%

📌 POSITION ALERTS:
  Total: 4 | High: 1 | Warning: 0
  - 🎯 TARGET HIT: COHR up 14.2% (target: 7.0%)
  - ⏰ HOLDING EXPIRED: SEI at -3.0% after 21 days
  - 🎯 TARGET HIT: MU up 21.9% (target: 7.0%)

===================================

Details:
  asof: 2026-02-11


============================================================
[2026-02-12 23:54:02 UTC] [LOW] Scan Complete: 2026-02-12 (Weekly)
============================================================
===================================
SCAN COMPLETE - 2026-02-12
===================================
Regime: stress
Primary Strategy: Weekly
Primary Candidates: 30

🏆 HYBRID TOP 3 (Best Picks):
  1. APPS (Pro30(r1))
     Score: 3.0 pts | LOW
  2. UPWK (Pro30(r2))
     Score: 3.0 pts | LOW
  3. CBZ (Pro30(r3))
     Score: 2.9 pts | LOW

⭐ Weekly TOP PICKS:
  - SXT: 3.76 LOW
  - LQDT: 3.06 LOW

📊 SUMMARY:
  Weekly: 2 | Pro30: 16 | Movers: 0

📈 MODEL: 🟠 Needs Attention
  Hit: 26% | Win: 30%
  pro30:28% | weekly_top5:12%

📌 POSITION ALERTS:
  Total: 4 | High: 2 | Warning: 0
  - 🎯 TARGET HIT: COHR up 10.3% (target: 7.0%)
  - 🛑 STOP LOSS: SEI down -7.1% (limit: -6.0%)
  - 🎯 TARGET HIT: MU up 23.0% (target: 7.0%)

===================================

Details:
  asof: 2026-02-12


============================================================
[2026-02-14 00:06:00 UTC] [LOW] Scan Complete: 2026-02-13 (Weekly)
============================================================
===================================
SCAN COMPLETE - 2026-02-13
===================================
Regime: stress
Primary Strategy: Weekly
Primary Candidates: 30

🏆 HYBRID TOP 3 (Best Picks):
  1. OTTR (Pro30(r1))
     Score: 3.0 pts | LOW
  2. OUST (Pro30(r2))
     Score: 3.0 pts | LOW
  3. OUT (Pro30(r3))
     Score: 2.9 pts | LOW

⭐ Weekly TOP PICKS:
  - GEO: 4.81 LOW
  - CRL: 4.61 LOW

📊 SUMMARY:
  Weekly: 2 | Pro30: 19 | Movers: 0

📈 MODEL: 🟠 Needs Attention
  Hit: 24% | Win: 45%
  pro30:26% | weekly_top5:11%

📌 POSITION ALERTS:
  Total: 4 | High: 1 | Warning: 0
  - 🎯 TARGET HIT: COHR up 10.9% (target: 7.0%)
  - ⏰ HOLDING EXPIRED: SEI at 2.2% after 23 days
  - 🎯 TARGET HIT: MU up 22.3% (target: 7.0%)

===================================

Details:
  asof: 2026-02-13


============================================================
[2026-02-16 23:55:38 UTC] [LOW] Scan Complete: 2026-02-13 (Weekly)
============================================================
===================================
SCAN COMPLETE - 2026-02-13
===================================
Regime: stress
Primary Strategy: Weekly
Primary Candidates: 30

🏆 HYBRID TOP 3 (Best Picks):
  1. EBC (Pro30(r1))
     Score: 3.0 pts | LOW
  2. EBF (Pro30(r2))
     Score: 3.0 pts | LOW
  3. EBMT (Pro30(r3))
     Score: 2.9 pts | LOW

⭐ Weekly TOP PICKS:
  - EOSE: 4.96 LOW
  - IREN: 4.55 LOW

📊 SUMMARY:
  Weekly: 2 | Pro30: 14 | Movers: 0

📈 MODEL: 🟠 Needs Attention
  Hit: 24% | Win: 45%
  pro30:26% | weekly_top5:11%

📌 POSITION ALERTS:
  Total: 4 | High: 1 | Warning: 0
  - 🎯 TARGET HIT: COHR up 10.9% (target: 7.0%)
  - ⏰ HOLDING EXPIRED: SEI at 2.2% after 25 days
  - 🎯 TARGET HIT: MU up 22.3% (target: 7.0%)

===================================

Details:
  asof: 2026-02-13


============================================================
[2026-02-17 11:55:43 UTC] [LOW] Scan Complete: 2026-02-13 (Weekly)
============================================================
===================================
SCAN COMPLETE - 2026-02-13
===================================
Regime: stress
Primary Strategy: Weekly
Primary Candidates: 30

🏆 HYBRID TOP 3 (Best Picks):
  1. TBRG (Pro30(r1))
     Score: 3.0 pts | LOW
  2. KRUS (Pro30(r2))
     Score: 3.0 pts | LOW
  3. KRYS (Pro30(r3))
     Score: 2.9 pts | LOW

⭐ Weekly TOP PICKS:
  - HASI: 5.31 LOW
  - HAL: 5.31 LOW

📊 SUMMARY:
  Weekly: 2 | Pro30: 3 | Movers: 0

📈 MODEL: 🟠 Needs Attention
  Hit: 25% | Win: 45%
  pro30:27% | weekly_top5:12%

📌 POSITION ALERTS:
  Total: 5 | High: 2 | Warning: 0
  - 🎯 TARGET HIT: COHR up 10.9% (target: 7.0%)
  - ⏰ HOLDING EXPIRED: SEI at 2.2% after 26 days
  - 🎯 TARGET HIT: MU up 22.3% (target: 7.0%)

===================================

Details:
  asof: 2026-02-13


============================================================
[2026-02-17 12:56:40 UTC] [LOW] Scan Complete: 2026-02-13 (Weekly)
============================================================
===================================
SCAN COMPLETE - 2026-02-13
===================================
Regime: stress
Primary Strategy: Weekly
Primary Candidates: 30

🏆 HYBRID TOP 3 (Best Picks):
  1. NX (Pro30(r1))
     Score: 3.0 pts | LOW
  2. GNW (Pro30(r2))
     Score: 3.0 pts | LOW
  3. COIN (Pro30(r3))
     Score: 2.9 pts | LOW

⭐ Weekly TOP PICKS:
  - HOOD: 3.96 LOW
  - BUSE: 3.96 LOW

📊 SUMMARY:
  Weekly: 2 | Pro30: 16 | Movers: 0

📈 MODEL: 🟠 Needs Attention
  Hit: 25% | Win: 45%
  pro30:27% | weekly_top5:12%

📌 POSITION ALERTS:
  Total: 4 | High: 1 | Warning: 0
  - 🎯 TARGET HIT: COHR up 10.9% (target: 7.0%)
  - ⏰ HOLDING EXPIRED: SEI at 2.2% after 26 days
  - 🎯 TARGET HIT: MU up 22.3% (target: 7.0%)

===================================

Details:
  asof: 2026-02-13


============================================================
[2026-02-17 22:43:27 UTC] [LOW] Scan Complete: 2026-02-17 (Weekly)
============================================================
===================================
SCAN COMPLETE - 2026-02-17
===================================
Regime: stress
Primary Strategy: Weekly
Primary Candidates: 30

🏆 HYBRID TOP 3 (Best Picks):
  1. FMAO (Pro30(r1))
     Score: 3.0 pts | LOW
  2. UPS (Weekly(1))
     Score: 1.6 pts | LOW
  3. PYPL (Weekly(2))
     Score: 1.1 pts | LOW

⭐ Weekly TOP PICKS:
  - UPS: 4.76 LOW
  - PYPL: 4.06 LOW

📊 SUMMARY:
  Weekly: 2 | Pro30: 1 | Movers: 0

📈 MODEL: 🟠 Needs Attention
  Hit: 30% | Win: 38%
  movers:38% | pro30:29% | weekly_top5:29%
  📊 bull:32% | stress:18%

📌 POSITION ALERTS:
  Total: 6 | High: 2 | Warning: 0
  - 🎯 TARGET HIT: COHR up 12.2% (target: 7.0%)
  - ⏰ HOLDING EXPIRED: SEI at -5.2% after 26 days
  - 🎯 TARGET HIT: MU up 18.8% (target: 7.0%)

===================================

Details:
  asof: 2026-02-17


============================================================
[2026-02-18 02:38:40 UTC] [LOW] Scan Complete: 2026-02-17 (Weekly)
============================================================
===================================
SCAN COMPLETE - 2026-02-17
===================================
Regime: stress
Primary Strategy: Weekly
Primary Candidates: 30

🏆 HYBRID TOP 3 (Best Picks):
  1. HIMS (Pro30(r1))
     Score: 3.0 pts | LOW
  2. IBOC (Pro30(r2))
     Score: 3.0 pts | LOW
  3. BBIO (Pro30(r3))
     Score: 2.9 pts | LOW

⭐ Weekly TOP PICKS:
  - QUBT: 3.06 LOW
  - HBAN: 3.06 LOW

📊 SUMMARY:
  Weekly: 2 | Pro30: 4 | Movers: 0

📈 MODEL: 🟠 Needs Attention
  Hit: 30% | Win: 38%
  movers:38% | pro30:29% | weekly_top5:29%
  📊 bull:32% | stress:18%

📌 POSITION ALERTS:
  Total: 5 | High: 1 | Warning: 1
  - 🎯 TARGET HIT: COHR up 12.2% (target: 7.0%)
  - ⏰ HOLDING EXPIRED: SEI at -5.2% after 27 days
  - 🎯 TARGET HIT: MU up 18.8% (target: 7.0%)

===================================

Details:
  asof: 2026-02-17


============================================================
[2026-02-19 07:21:53 UTC] [LOW] Scan Complete: 2026-02-18 (Weekly)
============================================================
===================================
SCAN COMPLETE - 2026-02-18
===================================
Regime: chop
Primary Strategy: Weekly
Primary Candidates: 30

🏆 HYBRID TOP 3 (Best Picks):
  1. NPO (Pro30(r1))
     Score: 3.0 pts | LOW
  2. ORRF (Pro30(r2))
     Score: 3.0 pts | LOW
  3. PGNY (Pro30(r3))
     Score: 2.9 pts | LOW

⭐ Weekly TOP PICKS:
  - FLR: 5.36 LOW
  - AROC: 5.11 LOW

📊 SUMMARY:
  Weekly: 2 | Pro30: 5 | Movers: 0

📈 MODEL: 🟠 Needs Attention
  Hit: 31% | Win: 37%
  movers:38% | pro30:32% | weekly_top5:27%
  📊 bull:34% | stress:24%

📌 POSITION ALERTS:
  Total: 4 | High: 2 | Warning: 0
  - 🎯 TARGET HIT: COHR up 14.3% (target: 7.0%)
  - 🛑 STOP LOSS: SEI down -8.3% (limit: -6.0%)
  - 🎯 TARGET HIT: MU up 25.0% (target: 7.0%)

===================================

Details:
  asof: 2026-02-18


============================================================
[2026-02-19 15:39:40 UTC] [LOW] Scan Complete: 2026-02-18 (Weekly)
============================================================
===================================
SCAN COMPLETE - 2026-02-18
===================================
Regime: chop
Primary Strategy: Weekly
Primary Candidates: 30

🏆 HYBRID TOP 3 (Best Picks):
  1. HDSN (Pro30(r1))
     Score: 3.0 pts | LOW
  2. CSV (Pro30(r2))
     Score: 3.0 pts | LOW
  3. ARRY (Pro30(r3))
     Score: 2.9 pts | LOW

⭐ Weekly TOP PICKS:
  - MC: 5.46 LOW
  - CPK: 4.11 LOW

📊 SUMMARY:
  Weekly: 2 | Pro30: 6 | Movers: 0

📈 MODEL: 🟠 Needs Attention
  Hit: 30% | Win: 38%
  movers:38% | pro30:30% | weekly_top5:25%
  📊 bull:34% | chop:0% | stress:24%

📌 POSITION ALERTS:
  Total: 4 | High: 2 | Warning: 0
  - 🎯 TARGET HIT: COHR up 15.1% (target: 7.0%)
  - 🛑 STOP LOSS: SEI down -8.9% (limit: -6.0%)
  - 🎯 TARGET HIT: MU up 24.1% (target: 7.0%)

===================================

Details:
  asof: 2026-02-18


============================================================
[2026-02-19 22:39:52 UTC] [LOW] Scan Complete: 2026-02-19 (Weekly)
============================================================
===================================
SCAN COMPLETE - 2026-02-19
===================================
Regime: stress
Primary Strategy: Weekly
Primary Candidates: 30

🏆 HYBRID TOP 3 (Best Picks):
  1. NCMI (Pro30(r1))
     Score: 3.0 pts | LOW
  2. AMGN (Weekly(1))
     Score: 1.6 pts | LOW
  3. BXP (Weekly(2))
     Score: 1.1 pts | LOW

⭐ Weekly TOP PICKS:
  - AMGN: 4.81 LOW
  - BXP: 4.36 LOW

📊 SUMMARY:
  Weekly: 2 | Pro30: 1 | Movers: 0

📈 MODEL: 🟠 Needs Attention
  Hit: 31% | Win: 38%
  movers:38% | pro30:31% | weekly_top5:25%
  📊 bull:34% | chop:0% | stress:27%

📌 POSITION ALERTS:
  Total: 7 | High: 4 | Warning: 0
  - 🎯 TARGET HIT: COHR up 18.6% (target: 7.0%)
  - 🛑 STOP LOSS: SEI down -9.8% (limit: -6.0%)
  - 🎯 TARGET HIT: MU up 24.0% (target: 7.0%)

===================================

Details:
  asof: 2026-02-19


============================================================
[2026-02-20 22:43:29 UTC] [LOW] Scan Complete: 2026-02-20 (Weekly)
============================================================
===================================
SCAN COMPLETE - 2026-02-20
===================================
Regime: chop
Primary Strategy: Weekly
Primary Candidates: 30

🏆 HYBRID TOP 3 (Best Picks):
  1. BUSE (Pro30(r1))
     Score: 3.0 pts | LOW
  2. RXT (Pro30(r2))
     Score: 3.0 pts | LOW
  3. WKC (Pro30(r3))
     Score: 2.9 pts | LOW

⭐ Weekly TOP PICKS:
  - AVDL: 5.26 LOW
  - IBRX: 4.56 LOW

📊 SUMMARY:
  Weekly: 2 | Pro30: 4 | Movers: 0

📈 MODEL: 🟠 Needs Attention
  Hit: 30% | Win: 38%
  movers:38% | pro30:30% | weekly_top5:19%
  📊 bull:34% | chop:0% | stress:26%

📌 POSITION ALERTS:
  Total: 4 | High: 2 | Warning: 0
  - 🎯 TARGET HIT: COHR up 26.6% (target: 7.0%)
  - 🛑 STOP LOSS: SEI down -11.1% (limit: -6.0%)
  - 🎯 TARGET HIT: MU up 27.2% (target: 7.0%)

===================================

Details:
  asof: 2026-02-20


============================================================
[2026-02-23 18:25:18 UTC] [LOW] Scan Complete: 2026-02-20 (Weekly)
============================================================
===================================
SCAN COMPLETE - 2026-02-20
===================================
Regime: chop
Primary Strategy: Weekly
Primary Candidates: 30

🏆 HYBRID TOP 3 (Best Picks):
  1. ADTN (Pro30(r1))
     Score: 3.0 pts | LOW
  2. BTU (Pro30(r2))
     Score: 3.0 pts | LOW
  3. PATK (Pro30(r3))
     Score: 2.9 pts | LOW

⭐ Weekly TOP PICKS:
  - QCOM: 4.31 LOW
  - CLOV: 3.21 LOW

📊 SUMMARY:
  Weekly: 2 | Pro30: 4 | Movers: 0

📈 MODEL: 🟠 Needs Attention
  Hit: 26% | Win: 36%
  pro30:28% | weekly_top5:11%
  📊 bull:35% | chop:0% | stress:26%

📌 POSITION ALERTS:
  Total: 4 | High: 2 | Warning: 0
  - 🎯 TARGET HIT: COHR up 27.7% (target: 7.0%)
  - 🛑 STOP LOSS: SEI down -8.8% (limit: -6.0%)
  - 🎯 TARGET HIT: MU up 25.5% (target: 7.0%)

===================================

Details:
  asof: 2026-02-20


============================================================
[2026-02-23 23:01:45 UTC] [LOW] Scan Complete: 2026-02-23 (Weekly)
============================================================
===================================
SCAN COMPLETE - 2026-02-23
===================================
Regime: chop
Primary Strategy: Weekly
Primary Candidates: 30

🏆 HYBRID TOP 3 (Best Picks):
  1. CRNC (Pro30(r1))
     Score: 3.0 pts | LOW
  2. VRM (Pro30(r2))
     Score: 3.0 pts | LOW
  3. OFLX (Weekly(1))
     Score: 1.6 pts | LOW

⭐ Weekly TOP PICKS:
  - OFLX: 3.76 LOW
  - EME: 3.56 LOW

📊 SUMMARY:
  Weekly: 2 | Pro30: 2 | Movers: 0

📈 MODEL: 🟠 Needs Attention
  Hit: 26% | Win: 35%
  pro30:28% | weekly_top5:11%
  📊 bull:35% | chop:0% | stress:26%

📌 POSITION ALERTS:
  Total: 4 | High: 2 | Warning: 0
  - 🎯 TARGET HIT: COHR up 27.0% (target: 7.0%)
  - 🛑 STOP LOSS: SEI down -8.5% (limit: -6.0%)
  - 🎯 TARGET HIT: MU up 25.1% (target: 7.0%)

===================================

Details:
  asof: 2026-02-23


============================================================
[2026-02-24 22:48:53 UTC] [LOW] Scan Complete: 2026-02-24 (Weekly)
============================================================
===================================
SCAN COMPLETE - 2026-02-24
===================================
Regime: chop
Primary Strategy: Weekly
Primary Candidates: 30

🏆 HYBRID TOP 3 (Best Picks):
  1. AGX (Pro30(r1))
     Score: 3.0 pts | LOW
  2. CPSS (Pro30(r2))
     Score: 3.0 pts | LOW
  3. JCAP (Pro30(r3))
     Score: 2.9 pts | LOW

⭐ Weekly TOP PICKS:
  - TXN: 5.06 LOW
  - T: 4.06 LOW

📊 SUMMARY:
  Weekly: 2 | Pro30: 3 | Movers: 0

📈 MODEL: 🟠 Needs Attention
  Hit: 26% | Win: 42%
  pro30:29% | weekly_top5:10%
  📊 bull:35% | chop:8% | stress:26%

📌 POSITION ALERTS:
  Total: 4 | High: 1 | Warning: 0
  - 🎯 TARGET HIT: COHR up 30.1% (target: 7.0%)
  - ⏰ HOLDING EXPIRED: SEI at -3.5% after 33 days
  - 🎯 TARGET HIT: MU up 24.2% (target: 7.0%)

===================================

Details:
  asof: 2026-02-24


============================================================
[2026-02-25 22:38:09 UTC] [LOW] Scan Complete: 2026-02-25 (Weekly)
============================================================
===================================
SCAN COMPLETE - 2026-02-25
===================================
Regime: bull
Primary Strategy: Weekly
Primary Candidates: 30

🏆 HYBRID TOP 3 (Best Picks):
  1. CNK (Pro30(r1))
     Score: 3.0 pts | LOW
  2. NVDA (Pro30(r2))
     Score: 3.0 pts | LOW
  3. RMNI (Pro30(r3))
     Score: 2.9 pts | LOW

⭐ Weekly TOP PICKS:
  - NAT: 3.56 LOW
  - XPOF: 3.51 LOW

📊 SUMMARY:
  Weekly: 2 | Pro30: 5 | Movers: 0

📈 MODEL: 🟠 Needs Attention
  Hit: 28% | Win: 44%
  pro30:31% | weekly_top5:12%
  📊 bull:35% | chop:10% | stress:33%

📌 POSITION ALERTS:
  Total: 6 | High: 3 | Warning: 0
  - 🎯 TARGET HIT: COHR up 36.7% (target: 7.0%)
  - ⏰ HOLDING EXPIRED: SEI at -0.3% after 34 days
  - 🎯 TARGET HIT: MU up 27.4% (target: 7.0%)

===================================

Details:
  asof: 2026-02-25


============================================================
[2026-02-26 22:49:32 UTC] [NORMAL] Scan Complete: 2026-02-26 (Weekly)
============================================================
===================================
SCAN COMPLETE - 2026-02-26
===================================
Regime: bull
Primary Strategy: Weekly
Primary Candidates: 30

🏆 HYBRID TOP 3 (Best Picks):
  1. SPXC (Weekly(2), Pro30(r9))
     Score: 5.7 pts | MEDIUM
  2. BDC (Pro30(r1))
     Score: 3.0 pts | LOW
  3. CRML (Pro30(r2))
     Score: 3.0 pts | LOW

⭐ Weekly TOP PICKS:
  - AVY: 4.55 LOW
  - SPXC: 3.15 MEDIUM
  - GLNG: 2.95 LOW

🎯 OVERLAPS (High Conviction):
  🔥 Weekly+Pro30: SPXC

📊 SUMMARY:
  Weekly: 3 | Pro30: 12 | Movers: 0

📈 MODEL: 🟠 Needs Attention
  Hit: 30% | Win: 47%
  pro30:33% | weekly_top5:18%
  📊 bull:35% | chop:19% | stress:35%

📌 POSITION ALERTS:
  Total: 7 | High: 2 | Warning: 0
  - 🎯 TARGET HIT: COHR up 27.6% (target: 7.0%)
  - 🛑 STOP LOSS: SEI down -8.0% (limit: -6.0%)
  - 🎯 TARGET HIT: MU up 23.4% (target: 7.0%)

===================================

Details:
  asof: 2026-02-26


============================================================
[2026-02-27 22:37:04 UTC] [LOW] Scan Complete: 2026-02-27 (Weekly)
============================================================
===================================
SCAN COMPLETE - 2026-02-27
===================================
Regime: chop
Primary Strategy: Weekly
Primary Candidates: 30

🏆 HYBRID TOP 3 (Best Picks):
  1. RSI (Pro30(r1))
     Score: 3.0 pts | LOW
  2. OVLY (Pro30(r2))
     Score: 3.0 pts | LOW
  3. MC (Pro30(r3))
     Score: 2.9 pts | LOW

⭐ Weekly TOP PICKS:
  - ONDS: 4.80 LOW
  - NKE: 4.31 LOW
  - EB: 4.31 LOW

📊 SUMMARY:
  Weekly: 3 | Pro30: 17 | Movers: 0

📈 MODEL: 🟠 Needs Attention
  Hit: 29% | Win: 41%
  pro30:31% | weekly_top5:16%
  📊 bull:29% | chop:23% | stress:35%

📌 POSITION ALERTS:
  Total: 4 | High: 2 | Warning: 0
  - 🎯 TARGET HIT: COHR up 32.1% (target: 7.0%)
  - 🛑 STOP LOSS: SEI down -10.4% (limit: -6.0%)
  - 🎯 TARGET HIT: MU up 22.5% (target: 7.0%)

===================================

Details:
  asof: 2026-02-27


============================================================
[2026-03-02 22:37:48 UTC] [LOW] Scan Complete: 2026-03-02 (Weekly)
============================================================
===================================
SCAN COMPLETE - 2026-03-02
===================================
Regime: stress
Primary Strategy: Weekly
Primary Candidates: 30

🏆 HYBRID TOP 3 (Best Picks):
  1. BZH (Pro30(r1))
     Score: 3.0 pts | LOW
  2. FCFS (Pro30(r2))
     Score: 3.0 pts | LOW
  3. AAOI (Pro30(r3))
     Score: 2.9 pts | LOW

⭐ Weekly TOP PICKS:
  - GDEN: 4.81 LOW
  - CF: 4.50 LOW
  - SLVM: 4.31 LOW

📊 SUMMARY:
  Weekly: 3 | Pro30: 23 | Movers: 0

📈 MODEL: 🟠 Needs Attention
  Hit: 29% | Win: 46%
  pro30:30% | weekly_top5:20%
  📊 bull:34% | chop:16% | stress:35%

📌 POSITION ALERTS:
  Total: 6 | High: 3 | Warning: 0
  - 🎯 TARGET HIT: COHR up 52.5% (target: 7.0%)
  - 🛑 STOP LOSS: SEI down -11.0% (limit: -6.0%)
  - 🎯 TARGET HIT: MU up 22.6% (target: 7.0%)

===================================

Details:
  asof: 2026-03-02


============================================================
[2026-03-03 22:51:19 UTC] [LOW] Scan Complete: 2026-03-03 (Weekly)
============================================================
===================================
SCAN COMPLETE - 2026-03-03
===================================
Regime: stress
Primary Strategy: Weekly
Primary Candidates: 30

🏆 HYBRID TOP 3 (Best Picks):
  1. PLPC (Pro30(r1))
     Score: 3.0 pts | LOW
  2. EXTR (Pro30(r2))
     Score: 3.0 pts | LOW
  3. ARWR (Pro30(r3))
     Score: 2.9 pts | LOW

⭐ Weekly TOP PICKS:
  - CVX: 4.31 LOW
  - CMPX: 4.11 LOW
  - DUK: 3.65 LOW

📊 SUMMARY:
  Weekly: 3 | Pro30: 11 | Movers: 0

📈 MODEL: 🟠 Needs Attention
  Hit: 27% | Win: 45%
  pro30:28% | weekly_top5:19%
  📊 bull:35% | chop:21% | stress:23%

📌 POSITION ALERTS:
  Total: 7 | High: 3 | Warning: 0
  - 🎯 TARGET HIT: COHR up 43.3% (target: 7.0%)
  - 🛑 STOP LOSS: SEI down -14.1% (limit: -6.0%)
  - 🎯 TARGET HIT: MU up 12.8% (target: 7.0%)

===================================

Details:
  asof: 2026-03-03


============================================================
[2026-03-04 22:46:56 UTC] [LOW] Scan Complete: 2026-03-04 (Weekly)
============================================================
===================================
SCAN COMPLETE - 2026-03-04
===================================
Regime: stress
Primary Strategy: Weekly
Primary Candidates: 30

🏆 HYBRID TOP 3 (Best Picks):
  1. OPCH (Pro30(r1))
     Score: 3.0 pts | LOW
  2. JOE (Pro30(r2))
     Score: 3.0 pts | LOW
  3. ENPH (Pro30(r3))
     Score: 2.9 pts | LOW

⭐ Weekly TOP PICKS:
  - PRLB: 4.26 LOW
  - IDT: 4.05 LOW
  - TSCO: 3.41 LOW

📊 SUMMARY:
  Weekly: 3 | Pro30: 13 | Movers: 0

📈 MODEL: 🟠 Needs Attention
  Hit: 29% | Win: 50%
  pro30:30% | weekly_top5:17%
  📊 bull:37% | chop:25% | stress:25%

📌 POSITION ALERTS:
  Total: 7 | High: 3 | Warning: 0
  - 🎯 TARGET HIT: COHR up 40.3% (target: 7.0%)
  - 🛑 STOP LOSS: SEI down -9.7% (limit: -6.0%)
  - 🎯 TARGET HIT: MU up 19.1% (target: 7.0%)

===================================

Details:
  asof: 2026-03-04


============================================================
[2026-03-05 22:47:24 UTC] [LOW] Scan Complete: 2026-03-05 (Weekly)
============================================================
===================================
SCAN COMPLETE - 2026-03-05
===================================
Regime: stress
Primary Strategy: Weekly
Primary Candidates: 30

🏆 HYBRID TOP 3 (Best Picks):
  1. KREF (Pro30(r1))
     Score: 3.0 pts | LOW
  2. VRTS (Pro30(r2))
     Score: 3.0 pts | LOW
  3. CRMD (Pro30(r3))
     Score: 2.9 pts | LOW

⭐ Weekly TOP PICKS:
  - BRK-B: 4.16 LOW
  - TCBX: 3.56 LOW
  - BSX: 3.21 LOW

📊 SUMMARY:
  Weekly: 3 | Pro30: 14 | Movers: 0

📈 MODEL: 🟠 Needs Attention
  Hit: 29% | Win: 42%
  pro30:31% | weekly_top5:19%
  📊 bull:37% | chop:30% | stress:24%

📌 POSITION ALERTS:
  Total: 7 | High: 4 | Warning: 0
  - 🎯 TARGET HIT: COHR up 29.6% (target: 7.0%)
  - 🛑 STOP LOSS: SEI down -8.9% (limit: -6.0%)
  - 🎯 TARGET HIT: MU up 17.9% (target: 7.0%)

===================================

Details:
  asof: 2026-03-05


============================================================
[2026-03-06 22:38:38 UTC] [LOW] Scan Complete: 2026-03-06 (Weekly)
============================================================
===================================
SCAN COMPLETE - 2026-03-06
===================================
Regime: stress
Primary Strategy: Weekly
Primary Candidates: 30

🏆 HYBRID TOP 3 (Best Picks):
  1. GCMG (Pro30(r1))
     Score: 3.0 pts | LOW
  2. UFCS (Pro30(r2))
     Score: 3.0 pts | LOW
  3. FF (Pro30(r3))
     Score: 2.9 pts | LOW

⭐ Weekly TOP PICKS:
  - FANG: 4.81 LOW
  - CINF: 4.01 LOW
  - GLNG: 3.55 LOW

📊 SUMMARY:
  Weekly: 3 | Pro30: 17 | Movers: 0

📈 MODEL: 🟠 Needs Attention
  Hit: 28% | Win: 37%
  pro30:30% | weekly_top5:19%
  📊 bull:37% | chop:30% | stress:22%

📌 POSITION ALERTS:
  Total: 7 | High: 5 | Warning: 0
  - 🎯 TARGET HIT: COHR up 20.3% (target: 7.0%)
  - 🛑 STOP LOSS: SEI down -11.6% (limit: -6.0%)
  - 🎯 TARGET HIT: MU up 10.0% (target: 7.0%)

===================================

Details:
  asof: 2026-03-06


============================================================
[2026-03-10 11:51:42 UTC] [LOW] 🐉 Dragon Pulse — 2026-03-09
============================================================
<b>🐉 Dragon Pulse — 2026-03-09</b>

⚪ Regime: <b>STRESS</b> | Picks: <b>3</b>

────────────────────────────
🏆 <b>Hybrid Top 3</b>

<b>1. UAL</b>  Pro30(r1)
   ░░░░░░░░░░ 3/100

<b>2. CCL</b>  Pro30(r2)
   ░░░░░░░░░░ 3/100

<b>3. DAL</b>  Pro30(r3)
   ░░░░░░░░░░ 3/100

📊 Weekly: 0 | Pro30: 7 | Movers: 0
📌 Positions: 4 | High: 2 | Warn: 0
  - 🎯 TARGET HIT: COHR up 28.8% (target: 7.0%)
  - 🛑 STOP LOSS: SEI down -10.7% (limit: -6.0%)
  - 🎯 TARGET HIT: MU up 15.7% (target: 7.0%)

Details:
  asof: 2026-03-09


============================================================
[2026-03-11 17:55:07 UTC] [LOW] 🐉 Dragon Pulse — 2026-03-10
============================================================
<b>🐉 Dragon Pulse — 2026-03-10</b>

Picks: <b>0</b>


Details:
  asof: 2026-03-10

